Determining if the pthread_create exist failed with the following output:
Change Dir: /home/qzh/catkin_ws/src/Onboard-SDK-ROS-3.8/Onboard-SDK-3.8.1-build/CMakeFiles/CMakeTmp

Run Build Command:"/usr/bin/make" "cmTC_ef0f4/fast"
make[3]: 进入目录“/home/qzh/catkin_ws/src/Onboard-SDK-ROS-3.8/Onboard-SDK-3.8.1-build/CMakeFiles/CMakeTmp”
/usr/bin/make -f CMakeFiles/cmTC_ef0f4.dir/build.make CMakeFiles/cmTC_ef0f4.dir/build
make[4]: 进入目录“/home/qzh/catkin_ws/src/Onboard-SDK-ROS-3.8/Onboard-SDK-3.8.1-build/CMakeFiles/CMakeTmp”
Building C object CMakeFiles/cmTC_ef0f4.dir/CheckSymbolExists.c.o
/usr/bin/cc   -fPIC    -o CMakeFiles/cmTC_ef0f4.dir/CheckSymbolExists.c.o   -c /home/qzh/catkin_ws/src/Onboard-SDK-ROS-3.8/Onboard-SDK-3.8.1-build/CMakeFiles/CMakeTmp/CheckSymbolExists.c
Linking C executable cmTC_ef0f4
/usr/bin/cmake -E cmake_link_script CMakeFiles/cmTC_ef0f4.dir/link.txt --verbose=1
/usr/bin/cc -fPIC     -rdynamic CMakeFiles/cmTC_ef0f4.dir/CheckSymbolExists.c.o  -o cmTC_ef0f4 
CMakeFiles/cmTC_ef0f4.dir/CheckSymbolExists.c.o：在函数‘main’中：
CheckSymbolExists.c:(.text+0x1b)：对‘pthread_create’未定义的引用
collect2: error: ld returned 1 exit status
CMakeFiles/cmTC_ef0f4.dir/build.make:97: recipe for target 'cmTC_ef0f4' failed
make[4]: *** [cmTC_ef0f4] Error 1
make[4]: 离开目录“/home/qzh/catkin_ws/src/Onboard-SDK-ROS-3.8/Onboard-SDK-3.8.1-build/CMakeFiles/CMakeTmp”
Makefile:126: recipe for target 'cmTC_ef0f4/fast' failed
make[3]: *** [cmTC_ef0f4/fast] Error 2
make[3]: 离开目录“/home/qzh/catkin_ws/src/Onboard-SDK-ROS-3.8/Onboard-SDK-3.8.1-build/CMakeFiles/CMakeTmp”

File /home/qzh/catkin_ws/src/Onboard-SDK-ROS-3.8/Onboard-SDK-3.8.1-build/CMakeFiles/CMakeTmp/CheckSymbolExists.c:
/* */
#include <pthread.h>

int main(int argc, char** argv)
{
  (void)argv;
#ifndef pthread_create
  return ((int*)(&pthread_create))[argc];
#else
  (void)argc;
  return 0;
#endif
}

Determining if the function pthread_create exists in the pthreads failed with the following output:
Change Dir: /home/qzh/catkin_ws/src/Onboard-SDK-ROS-3.8/Onboard-SDK-3.8.1-build/CMakeFiles/CMakeTmp

Run Build Command:"/usr/bin/make" "cmTC_c6a00/fast"
make[3]: 进入目录“/home/qzh/catkin_ws/src/Onboard-SDK-ROS-3.8/Onboard-SDK-3.8.1-build/CMakeFiles/CMakeTmp”
/usr/bin/make -f CMakeFiles/cmTC_c6a00.dir/build.make CMakeFiles/cmTC_c6a00.dir/build
make[4]: 进入目录“/home/qzh/catkin_ws/src/Onboard-SDK-ROS-3.8/Onboard-SDK-3.8.1-build/CMakeFiles/CMakeTmp”
Building C object CMakeFiles/cmTC_c6a00.dir/CheckFunctionExists.c.o
/usr/bin/cc   -fPIC -DCHECK_FUNCTION_EXISTS=pthread_create   -o CMakeFiles/cmTC_c6a00.dir/CheckFunctionExists.c.o   -c /usr/share/cmake-3.10/Modules/CheckFunctionExists.c
Linking C executable cmTC_c6a00
/usr/bin/cmake -E cmake_link_script CMakeFiles/cmTC_c6a00.dir/link.txt --verbose=1
/usr/bin/cc -fPIC -DCHECK_FUNCTION_EXISTS=pthread_create    -rdynamic CMakeFiles/cmTC_c6a00.dir/CheckFunctionExists.c.o  -o cmTC_c6a00 -lpthreads 
/usr/bin/ld: 找不到 -lpthreads
collect2: error: ld returned 1 exit status
CMakeFiles/cmTC_c6a00.dir/build.make:97: recipe for target 'cmTC_c6a00' failed
make[4]: *** [cmTC_c6a00] Error 1
make[4]: 离开目录“/home/qzh/catkin_ws/src/Onboard-SDK-ROS-3.8/Onboard-SDK-3.8.1-build/CMakeFiles/CMakeTmp”
Makefile:126: recipe for target 'cmTC_c6a00/fast' failed
make[3]: *** [cmTC_c6a00/fast] Error 2
make[3]: 离开目录“/home/qzh/catkin_ws/src/Onboard-SDK-ROS-3.8/Onboard-SDK-3.8.1-build/CMakeFiles/CMakeTmp”


